0 info it worked if it ends with ok
1 verbose cli [ '/Users/whoami/Software/node-4.5/bin/node',
1 verbose cli   '/Users/whoami/Software/node-4.5/lib/node_modules/smart-npm/node_modules/.bin/npm',
1 verbose cli   'start',
1 verbose cli   '--registry=https://registry.npm.taobao.org/' ]
2 info using npm@3.10.7
3 info using node@v4.5.0
4 verbose run-script [ 'prestart', 'start', 'poststart' ]
5 info lifecycle mysite@0.0.1~prestart: mysite@0.0.1
6 silly lifecycle mysite@0.0.1~prestart: no script for prestart, continuing
7 info lifecycle mysite@0.0.1~start: mysite@0.0.1
8 verbose lifecycle mysite@0.0.1~start: unsafe-perm in lifecycle true
9 verbose lifecycle mysite@0.0.1~start: PATH: /Users/whoami/Software/node-4.5/lib/node_modules/smart-npm/node_modules/npm/bin/node-gyp-bin:/Users/whoami/GitHub/metinvest-site/node_modules/.bin:/Library/Frameworks/Python.framework/Versions/3.5/bin:/Library/Java/JavaVirtualMachines/jdk1.8.0_101.jdk/Contents/Home/bin:/Users/whoami/Software/ImageMagick-7.0.1/bin:.;/usr/local/bin:/usr/bin:/bin:/usr/sbin:/sbin:/usr/local/git/bin:/Library/Java/JavaVirtualMachines/jdk1.7.0_76.jdk/Contents/Home/bin:/Users/whoami/Software/apache-maven-3.3.3/bin:/Users/whoami/Software/node-4.5/bin:/usr/lib/scala/bin:/usr/local/spark/bin:/usr/local/bin:/Users/whoami/Software/spring-boot-cli/bin
10 verbose lifecycle mysite@0.0.1~start: CWD: /Users/whoami/GitHub/metinvest-site
11 silly lifecycle mysite@0.0.1~start: Args: [ '-c', 'web.js' ]
12 info lifecycle mysite@0.0.1~start: Failed to exec start script
13 verbose stack Error: mysite@0.0.1 start: `web.js`
13 verbose stack spawn ENOENT
13 verbose stack     at ChildProcess.<anonymous> (/Users/whoami/Software/node-4.5/lib/node_modules/smart-npm/node_modules/npm/lib/utils/spawn.js:33:16)
13 verbose stack     at emitTwo (events.js:87:13)
13 verbose stack     at ChildProcess.emit (events.js:172:7)
13 verbose stack     at maybeClose (internal/child_process.js:829:16)
13 verbose stack     at Process.ChildProcess._handle.onexit (internal/child_process.js:211:5)
14 verbose pkgid mysite@0.0.1
15 verbose cwd /Users/whoami/GitHub/metinvest-site
16 error Darwin 15.5.0
17 error argv "/Users/whoami/Software/node-4.5/bin/node" "/Users/whoami/Software/node-4.5/lib/node_modules/smart-npm/node_modules/.bin/npm" "start" "--registry=https://registry.npm.taobao.org/"
18 error node v4.5.0
19 error npm  v3.10.7
20 error file sh
21 error code ELIFECYCLE
22 error errno ENOENT
23 error syscall spawn
24 error mysite@0.0.1 start: `web.js`
24 error spawn ENOENT
25 error Failed at the mysite@0.0.1 start script 'web.js'.
25 error Make sure you have the latest version of node.js and npm installed.
25 error If you do, this is most likely a problem with the mysite package,
25 error not with npm itself.
25 error Tell the author that this fails on your system:
25 error     web.js
25 error You can get information on how to open an issue for this project with:
25 error     npm bugs mysite
25 error Or if that isn't available, you can get their info via:
25 error     npm owner ls mysite
25 error There is likely additional logging output above.
26 verbose exit [ 1, true ]
